   1              	 .cpu cortex-m0
   2              	 .fpu softvfp
   3              	 .eabi_attribute 20,1
   4              	 .eabi_attribute 21,1
   5              	 .eabi_attribute 23,3
   6              	 .eabi_attribute 24,1
   7              	 .eabi_attribute 25,1
   8              	 .eabi_attribute 26,1
   9              	 .eabi_attribute 30,6
  10              	 .eabi_attribute 34,0
  11              	 .eabi_attribute 18,4
  12              	 .code 16
  13              	 .file "freertos.c"
  14              	 .text
  15              	.Ltext0:
  16              	 .cfi_sections .debug_frame
  17              	 .section .text.FREERTOS_GetAppVersion,"ax",%progbits
  18              	 .align 2
  19              	 .global FREERTOS_GetAppVersion
  20              	 .code 16
  21              	 .thumb_func
  23              	FREERTOS_GetAppVersion:
  24              	.LFB42:
  25              	 .file 1 "../Dave/Generated/FREERTOS/freertos.c"
   1:../Dave/Generated/FREERTOS/freertos.c **** 
   2:../Dave/Generated/FREERTOS/freertos.c **** /**
   3:../Dave/Generated/FREERTOS/freertos.c ****  * @file freertos.c
   4:../Dave/Generated/FREERTOS/freertos.c ****  * @date 2018-11-21
   5:../Dave/Generated/FREERTOS/freertos.c ****  *
   6:../Dave/Generated/FREERTOS/freertos.c ****  * NOTE:
   7:../Dave/Generated/FREERTOS/freertos.c ****  * This file is generated by DAVE. Any manual modification done to this file will be lost when the 
   8:../Dave/Generated/FREERTOS/freertos.c ****  *
   9:../Dave/Generated/FREERTOS/freertos.c ****  * @cond
  10:../Dave/Generated/FREERTOS/freertos.c ****  **************************************************************************************************
  11:../Dave/Generated/FREERTOS/freertos.c ****  * FREERTOS v4.1.10 - FREERTOS software library for DAVE
  12:../Dave/Generated/FREERTOS/freertos.c ****  *
  13:../Dave/Generated/FREERTOS/freertos.c ****  * Copyright (c) 2015-2020, Infineon Technologies AG
  14:../Dave/Generated/FREERTOS/freertos.c ****  * All rights reserved.
  15:../Dave/Generated/FREERTOS/freertos.c ****  *
  16:../Dave/Generated/FREERTOS/freertos.c ****  * Redistribution and use in source and binary forms, with or without modification,are permitted pr
  17:../Dave/Generated/FREERTOS/freertos.c ****  * following conditions are met:
  18:../Dave/Generated/FREERTOS/freertos.c ****  *
  19:../Dave/Generated/FREERTOS/freertos.c ****  *   Redistributions of source code must retain the above copyright notice, this list of conditions
  20:../Dave/Generated/FREERTOS/freertos.c ****  *   disclaimer.
  21:../Dave/Generated/FREERTOS/freertos.c ****  *
  22:../Dave/Generated/FREERTOS/freertos.c ****  *   Redistributions in binary form must reproduce the above copyright notice, this list of conditi
  23:../Dave/Generated/FREERTOS/freertos.c ****  *   following disclaimer in the documentation and/or other materials provided with the distributio
  24:../Dave/Generated/FREERTOS/freertos.c ****  *
  25:../Dave/Generated/FREERTOS/freertos.c ****  *   Neither the name of the copyright holders nor the names of its contributors may be used to end
  26:../Dave/Generated/FREERTOS/freertos.c ****  *   products derived from this software without specific prior written permission.
  27:../Dave/Generated/FREERTOS/freertos.c ****  *
  28:../Dave/Generated/FREERTOS/freertos.c ****  * THIS SOFTWARE IS PROVIDED BY THE COPYRIGHT HOLDERS AND CONTRIBUTORS "AS IS" AND ANY EXPRESS OR I
  29:../Dave/Generated/FREERTOS/freertos.c ****  * INCLUDING, BUT NOT LIMITED TO, THE IMPLIED WARRANTIES OF MERCHANTABILITY AND FITNESS FOR A PARTI
  30:../Dave/Generated/FREERTOS/freertos.c ****  * DISCLAIMED. IN NO EVENT SHALL THE COPYRIGHT HOLDER OR CONTRIBUTORS BE LIABLE  FOR ANY DIRECT, IN
  31:../Dave/Generated/FREERTOS/freertos.c ****  * SPECIAL, EXEMPLARY, OR CONSEQUENTIAL DAMAGES (INCLUDING, BUT NOT LIMITED TO, PROCUREMENT OF SUBS
  32:../Dave/Generated/FREERTOS/freertos.c ****  * SERVICES; LOSS OF USE, DATA, OR PROFITS; OR BUSINESS INTERRUPTION) HOWEVER CAUSED AND ON ANY THE
  33:../Dave/Generated/FREERTOS/freertos.c ****  * WHETHER IN CONTRACT, STRICT LIABILITY,OR TORT (INCLUDING NEGLIGENCE OR OTHERWISE) ARISING IN ANY
  34:../Dave/Generated/FREERTOS/freertos.c ****  * USE OF THIS SOFTWARE, EVEN IF ADVISED OF THE POSSIBILITY OF SUCH DAMAGE.
  35:../Dave/Generated/FREERTOS/freertos.c ****  *
  36:../Dave/Generated/FREERTOS/freertos.c ****  * To improve the quality of the software, users are encouraged to share modifications, enhancement
  37:../Dave/Generated/FREERTOS/freertos.c ****  * with Infineon Technologies AG (dave@infineon.com).
  38:../Dave/Generated/FREERTOS/freertos.c ****  **************************************************************************************************
  39:../Dave/Generated/FREERTOS/freertos.c ****  *
  40:../Dave/Generated/FREERTOS/freertos.c ****  * Change History
  41:../Dave/Generated/FREERTOS/freertos.c ****  * --------------
  42:../Dave/Generated/FREERTOS/freertos.c ****  *
  43:../Dave/Generated/FREERTOS/freertos.c ****  * 2015-06-25:
  44:../Dave/Generated/FREERTOS/freertos.c ****  *     - Initial version <br>
  45:../Dave/Generated/FREERTOS/freertos.c ****  *
  46:../Dave/Generated/FREERTOS/freertos.c ****  * 2017-03-28:
  47:../Dave/Generated/FREERTOS/freertos.c ****  *     - Fix undefined _WEAK symbol 
  48:../Dave/Generated/FREERTOS/freertos.c ****  *
  49:../Dave/Generated/FREERTOS/freertos.c ****  * 2018-11-21:
  50:../Dave/Generated/FREERTOS/freertos.c ****  *     - Fix vApplicationGetTimerTaskMemory() return value
  51:../Dave/Generated/FREERTOS/freertos.c ****  *
  52:../Dave/Generated/FREERTOS/freertos.c ****  * @endcond
  53:../Dave/Generated/FREERTOS/freertos.c ****  */
  54:../Dave/Generated/FREERTOS/freertos.c **** 
  55:../Dave/Generated/FREERTOS/freertos.c **** /**************************************************************************************************
  56:../Dave/Generated/FREERTOS/freertos.c ****  * HEADER FILES
  57:../Dave/Generated/FREERTOS/freertos.c ****  **************************************************************************************************
  58:../Dave/Generated/FREERTOS/freertos.c **** 
  59:../Dave/Generated/FREERTOS/freertos.c **** #include "freertos.h"
  60:../Dave/Generated/FREERTOS/freertos.c **** #include "xmc_common.h"
  61:../Dave/Generated/FREERTOS/freertos.c **** 
  62:../Dave/Generated/FREERTOS/freertos.c **** /**************************************************************************************************
  63:../Dave/Generated/FREERTOS/freertos.c ****  * MACROS
  64:../Dave/Generated/FREERTOS/freertos.c ****  **************************************************************************************************
  65:../Dave/Generated/FREERTOS/freertos.c **** 
  66:../Dave/Generated/FREERTOS/freertos.c **** /**************************************************************************************************
  67:../Dave/Generated/FREERTOS/freertos.c ****  * LOCAL DATA
  68:../Dave/Generated/FREERTOS/freertos.c ****  **************************************************************************************************
  69:../Dave/Generated/FREERTOS/freertos.c **** 
  70:../Dave/Generated/FREERTOS/freertos.c **** /**************************************************************************************************
  71:../Dave/Generated/FREERTOS/freertos.c ****  * LOCAL ROUTINES
  72:../Dave/Generated/FREERTOS/freertos.c ****  **************************************************************************************************
  73:../Dave/Generated/FREERTOS/freertos.c **** 
  74:../Dave/Generated/FREERTOS/freertos.c **** /**************************************************************************************************
  75:../Dave/Generated/FREERTOS/freertos.c ****  * API IMPLEMENTATION
  76:../Dave/Generated/FREERTOS/freertos.c ****  **************************************************************************************************
  77:../Dave/Generated/FREERTOS/freertos.c **** 
  78:../Dave/Generated/FREERTOS/freertos.c **** /**
  79:../Dave/Generated/FREERTOS/freertos.c **** * @brief Get FREERTOS APP version
  80:../Dave/Generated/FREERTOS/freertos.c **** * @return DAVE_APP_VERSION_t APP version information (major, minor and patch number)
  81:../Dave/Generated/FREERTOS/freertos.c **** */
  82:../Dave/Generated/FREERTOS/freertos.c **** DAVE_APP_VERSION_t FREERTOS_GetAppVersion(void)
  83:../Dave/Generated/FREERTOS/freertos.c **** {
  26              	 .loc 1 83 0
  27              	 .cfi_startproc
  28 0000 80B5     	 push {r7,lr}
  29              	.LCFI0:
  30              	 .cfi_def_cfa_offset 8
  31              	 .cfi_offset 7,-8
  32              	 .cfi_offset 14,-4
  33 0002 82B0     	 sub sp,sp,#8
  34              	.LCFI1:
  35              	 .cfi_def_cfa_offset 16
  36 0004 00AF     	 add r7,sp,#0
  37              	.LCFI2:
  38              	 .cfi_def_cfa_register 7
  84:../Dave/Generated/FREERTOS/freertos.c ****   DAVE_APP_VERSION_t version;
  85:../Dave/Generated/FREERTOS/freertos.c **** 
  86:../Dave/Generated/FREERTOS/freertos.c ****   version.major = (uint8_t)FREERTOS_MAJOR_VERSION;
  39              	 .loc 1 86 0
  40 0006 3B1C     	 mov r3,r7
  41 0008 0422     	 mov r2,#4
  42 000a 1A70     	 strb r2,[r3]
  87:../Dave/Generated/FREERTOS/freertos.c ****   version.minor = (uint8_t)FREERTOS_MINOR_VERSION;
  43              	 .loc 1 87 0
  44 000c 3B1C     	 mov r3,r7
  45 000e 0122     	 mov r2,#1
  46 0010 5A70     	 strb r2,[r3,#1]
  88:../Dave/Generated/FREERTOS/freertos.c ****   version.patch = (uint8_t)FREERTOS_PATCH_VERSION;
  47              	 .loc 1 88 0
  48 0012 3B1C     	 mov r3,r7
  49 0014 0C22     	 mov r2,#12
  50 0016 9A70     	 strb r2,[r3,#2]
  89:../Dave/Generated/FREERTOS/freertos.c **** 
  90:../Dave/Generated/FREERTOS/freertos.c ****   return version;
  51              	 .loc 1 90 0
  52 0018 3B1D     	 add r3,r7,#4
  53 001a 3A1C     	 mov r2,r7
  54 001c 1188     	 ldrh r1,[r2]
  55 001e 1980     	 strh r1,[r3]
  56 0020 9278     	 ldrb r2,[r2,#2]
  57 0022 9A70     	 strb r2,[r3,#2]
  58 0024 3A1D     	 add r2,r7,#4
  59 0026 0023     	 mov r3,#0
  60 0028 1178     	 ldrb r1,[r2]
  61 002a FF20     	 mov r0,#255
  62 002c 0140     	 and r1,r0
  63 002e FF20     	 mov r0,#255
  64 0030 8343     	 bic r3,r0
  65 0032 0B43     	 orr r3,r1
  66 0034 5178     	 ldrb r1,[r2,#1]
  67 0036 FF20     	 mov r0,#255
  68 0038 0140     	 and r1,r0
  69 003a 0902     	 lsl r1,r1,#8
  70 003c 0648     	 ldr r0,.L3
  71 003e 0340     	 and r3,r0
  72 0040 0B43     	 orr r3,r1
  73 0042 9278     	 ldrb r2,[r2,#2]
  74 0044 FF21     	 mov r1,#255
  75 0046 0A40     	 and r2,r1
  76 0048 1204     	 lsl r2,r2,#16
  77 004a 0449     	 ldr r1,.L3+4
  78 004c 0B40     	 and r3,r1
  79 004e 1343     	 orr r3,r2
  91:../Dave/Generated/FREERTOS/freertos.c **** }
  80              	 .loc 1 91 0
  81 0050 181C     	 mov r0,r3
  82 0052 BD46     	 mov sp,r7
  83 0054 02B0     	 add sp,sp,#8
  84              	 
  85 0056 80BD     	 pop {r7,pc}
  86              	.L4:
  87              	 .align 2
  88              	.L3:
  89 0058 FF00FFFF 	 .word -65281
  90 005c FFFF00FF 	 .word -16711681
  91              	 .cfi_endproc
  92              	.LFE42:
  94              	 .text
  95              	.Letext0:
  96              	 .file 2 "c:\\infineon\\tools\\dave ide\\4.5.0.202105191637\\eclipse\\arm-gcc-49\\arm-none-eabi\\include\\machine\\_default_types.h"
  97              	 .file 3 "c:\\infineon\\tools\\dave ide\\4.5.0.202105191637\\eclipse\\arm-gcc-49\\arm-none-eabi\\include\\stdint.h"
  98              	 .file 4 "C:/Users/sankar/Desktop/DAVE ide/Uart_demo/RTOS_Demo/Dave/Generated/DAVE_Common.h"
  99              	 .file 5 "C:/Users/sankar/Desktop/DAVE ide/Uart_demo/RTOS_Demo/Libraries/CMSIS/Include/cmsis_gcc.h"
DEFINED SYMBOLS
                            *ABS*:00000000 freertos.c
    {standard input}:18     .text.FREERTOS_GetAppVersion:00000000 $t
    {standard input}:23     .text.FREERTOS_GetAppVersion:00000000 FREERTOS_GetAppVersion
    {standard input}:89     .text.FREERTOS_GetAppVersion:00000058 $d
                     .debug_frame:00000010 $d

NO UNDEFINED SYMBOLS
